1499264312851|-1||debug||com.p6spy.engine.common.P6SpyOptions reloading properties
1499264312923|-1||info||Using properties file: C:\Tanveer\trainTheTrainer\hibernate\target\classes\spy.properties
1499264312925|-1||info||No value in environment for: getStackTrace, using: false
1499264312926|-1||info||No value in environment for: getDeregisterDrivers, using: true
1499264312928|-1||info||No value in environment for: getExecutionThreshold, using: 0
1499264312930|-1||info||No value in environment for: getExcludecategories, using: null
1499264312931|-1||info||No value in environment for: getIncludecategories, using: null
1499264312933|-1||info||No value in environment for: getJNDIContextProviderURL, using: null
1499264312934|-1||info||No value in environment for: getRealdriver3, using: null
1499264312936|-1||info||No value in environment for: getStringMatcherEngine, using: com.p6spy.engine.common.SubstringMatcher@6fd8c2db
1499264312937|-1||info||No value in environment for: getStackTraceClass, using: null
1499264312939|-1||info||No value in environment for: getReloadPropertiesInterval, using: -1
1499264312940|-1||info||No value in environment for: getJNDIContextCustom, using: null
1499264312941|-1||info||No value in environment for: getRealDataSourceClass, using: null
1499264312943|-1||info||No value in environment for: getSQLExpression, using: null
1499264312944|-1||info||No value in environment for: getStringmatcher, using: com.p6spy.engine.common.SubstringMatcher
1499264312946|-1||info||No value in environment for: getJNDIContextFactory, using: null
1499264312947|-1||info||No value in environment for: getDateformatter, using: null
1499264312950|-1||info||No value in environment for: getReloadProperties, using: false
1499264312953|-1||info||No value in environment for: getRealDataSourceProperties, using: null
1499264312954|-1||info||No value in environment for: getRealDataSource, using: null
1499264312956|-1||info||No value in environment for: getRealdriver2, using: null
1499264312957|-1||info||No value in environment for: getUsePrefix, using: false
1499264312958|-1||info||No value in environment for: getAppender, using: null
1499264312960|-1||info||No value in environment for: getRealdriver, using: com.mysql.jdbc.Driver
1499264312961|-1||info||No value in environment for: getAutoflush, using: false
1499264312963|-1||info||No value in environment for: getExclude, using: null
1499264312964|-1||info||No value in environment for: getInclude, using: null
1499264312966|-1||info||No value in environment for: getFilter, using: false
1499264312968|-1||info||No value in environment for: getLogfile, using: C:/Tanveer/spy.log
1499264312969|-1||info||No value in environment for: getSpydriver, using: com.p6spy.engine.spy.P6SpyDriver
1499264312971|-1||info||No value in environment for: getAppend, using: true
1499264312972|-1||info||No value in environment for: getDateformat, using: null
